Using pre-set license
Built from '6000.0/staging' branch; Version is '6000.0.47f1 (2ad1ed33fd3b) revision 2806253'; Using compiler version '193933523'; Build Type 'Release'
OS: 'Windows 11  (10.0.26100) 64bit Core' Language: 'en' Physical Memory: 16175 MB
BatchMode: 1, IsHumanControllingUs: 0, StartBugReporterOnCrash: 0, Is64bit: 1, IsPro: 1

COMMAND LINE ARGUMENTS:
C:\Program Files\Unity\Hub\Editor\6000.0.47f1\Editor\Unity.exe
-adb2
-batchMode
-noUpm
-name
AssetImportWorker0
-projectPath
C:/Users/dalto/Documents/PaiSho
-logFile
Logs/AssetImportWorker0.log
-srvPort
57571
-job-worker-count
11
-background-job-worker-count
8
-gc-helper-count
1
Successfully changed project path to: C:/Users/dalto/Documents/PaiSho
C:/Users/dalto/Documents/PaiSho
[UnityMemory] Configuration Parameters - Can be set up in boot.config
    "memorysetup-bucket-allocator-granularity=16"
    "memorysetup-bucket-allocator-bucket-count=8"
    "memorysetup-bucket-allocator-block-size=33554432"
    "memorysetup-bucket-allocator-block-count=8"
    "memorysetup-main-allocator-block-size=16777216"
    "memorysetup-thread-allocator-block-size=16777216"
    "memorysetup-gfx-main-allocator-block-size=16777216"
    "memorysetup-gfx-thread-allocator-block-size=16777216"
    "memorysetup-cache-allocator-block-size=4194304"
    "memorysetup-typetree-allocator-block-size=2097152"
    "memorysetup-profiler-bucket-allocator-granularity=16"
    "memorysetup-profiler-bucket-allocator-bucket-count=8"
    "memorysetup-profiler-bucket-allocator-block-size=33554432"
    "memorysetup-profiler-bucket-allocator-block-count=8"
    "memorysetup-profiler-allocator-block-size=16777216"
    "memorysetup-profiler-editor-allocator-block-size=1048576"
    "memorysetup-temp-allocator-size-main=16777216"
    "memorysetup-job-temp-allocator-block-size=2097152"
    "memorysetup-job-temp-allocator-block-size-background=1048576"
    "memorysetup-job-temp-allocator-reduction-small-platforms=262144"
    "memorysetup-allocator-temp-initial-block-size-main=262144"
    "memorysetup-allocator-temp-initial-block-size-worker=262144"
    "memorysetup-temp-allocator-size-background-worker=32768"
    "memorysetup-temp-allocator-size-job-worker=262144"
    "memorysetup-temp-allocator-size-preload-manager=33554432"
    "memorysetup-temp-allocator-size-nav-mesh-worker=65536"
    "memorysetup-temp-allocator-size-audio-worker=65536"
    "memorysetup-temp-allocator-size-cloud-worker=32768"
    "memorysetup-temp-allocator-size-gi-baking-worker=262144"
    "memorysetup-temp-allocator-size-gi-baking-worker=262144"
    "memorysetup-temp-allocator-size-gi-baking-worker=262144"
    "memorysetup-temp-allocator-size-gi-baking-worker=262144"
    "memorysetup-temp-allocator-size-gi-baking-worker=262144"
    "memorysetup-temp-allocator-size-gfx=262144"
Player connection [15312]  Target information:

Player connection [15312]  * "[IP] 192.168.1.129 [Port] 0 [Flags] 2 [Guid] 4133106380 [EditorId] 4133106380 [Version] 1048832 [Id] WindowsEditor(7,Moixtower) [Debug] 1 [PackageName] WindowsEditor [ProjectName] Editor" 

Player connection [15312] Host joined multi-casting on [225.0.0.222:54997]...
Player connection [15312] Host joined alternative multi-casting on [225.0.0.222:34997]...
JobSystem: Creating JobQueue using job-worker-count value 11
Input System module state changed to: Initialized.
[Physics::Module] Initialized fallback backend.
[Physics::Module] Id: 0xdecafbad
Library Redirect Path: Library/
[Physics::Module] Selected backend.
[Physics::Module] Name: PhysX
[Physics::Module] Id: 0xf2b8ea05
[Physics::Module] SDK Version: 4.1.2
[Physics::Module] Integration Version: 1.0.0
[Physics::Module] Threading Mode: Multi-Threaded
Refreshing native plugins compatible for Editor in 1.27 ms, found 3 plugins.
Preloading 0 native plugins for Editor in 0.00 ms.
Initialize engine version: 6000.0.47f1 (2ad1ed33fd3b)
[Subsystems] Discovering subsystems at path C:/Program Files/Unity/Hub/Editor/6000.0.47f1/Editor/Data/Resources/UnitySubsystems
[Subsystems] Discovering subsystems at path C:/Users/dalto/Documents/PaiSho/Assets
GfxDevice: creating device client; kGfxThreadingModeNonThreaded
Direct3D:
    Version:  Direct3D 11.0 [level 11.1]
    Renderer: NVIDIA GeForce RTX 4070 (ID=0x2786)
    Vendor:   NVIDIA
    VRAM:     12012 MB
    Driver:   32.0.15.7602
Initialize mono
Mono path[0] = 'C:/Program Files/Unity/Hub/Editor/6000.0.47f1/Editor/Data/Managed'
Mono path[1] = 'C:/Program Files/Unity/Hub/Editor/6000.0.47f1/Editor/Data/MonoBleedingEdge/lib/mono/unityjit-win32'
Mono config path = 'C:/Program Files/Unity/Hub/Editor/6000.0.47f1/Editor/Data/MonoBleedingEdge/etc'
Using monoOptions --debugger-agent=transport=dt_socket,embedding=1,server=y,suspend=n,address=127.0.0.1:56344
Begin MonoManager ReloadAssembly
Registering precompiled unity dll's ...
Register platform support module: C:/Program Files/Unity/Hub/Editor/6000.0.47f1/Editor/Data/PlaybackEngines/WebGLSupport/UnityEditor.WebGL.Extensions.dll
Register platform support module: C:/Program Files/Unity/Hub/Editor/6000.0.47f1/Editor/Data/PlaybackEngines/WindowsStandaloneSupport/UnityEditor.WindowsStandalone.Extensions.dll
Registered in 0.002619 seconds.
- Loaded All Assemblies, in  0.264 seconds
Native extension for WindowsStandalone target not found
Native extension for WebGL target not found
Mono: successfully reloaded assembly
- Finished resetting the current domain, in  0.211 seconds
Domain Reload Profiling: 474ms
	BeginReloadAssembly (94ms)
		ExecutionOrderSort (0ms)
		DisableScriptedObjects (0ms)
		BackupInstance (0ms)
		ReleaseScriptingObjects (0ms)
		CreateAndSetChildDomain (1ms)
	RebuildCommonClasses (25ms)
	RebuildNativeTypeToScriptingClass (8ms)
	initialDomainReloadingComplete (33ms)
	LoadAllAssembliesAndSetupDomain (103ms)
		LoadAssemblies (92ms)
		RebuildTransferFunctionScriptingTraits (0ms)
		AnalyzeDomain (101ms)
			TypeCache.Refresh (100ms)
				TypeCache.ScanAssembly (91ms)
			BuildScriptInfoCaches (0ms)
			ResolveRequiredComponents (0ms)
	FinalizeReload (211ms)
		ReleaseScriptCaches (0ms)
		RebuildScriptCaches (0ms)
		SetupLoadedEditorAssemblies (183ms)
			LogAssemblyErrors (0ms)
			InitializePlatformSupportModulesInManaged (17ms)
			SetLoadedEditorAssemblies (3ms)
			BeforeProcessingInitializeOnLoad (33ms)
			ProcessInitializeOnLoadAttributes (95ms)
			ProcessInitializeOnLoadMethodAttributes (34ms)
			AfterProcessingInitializeOnLoad (0ms)
			EditorAssembliesLoaded (0ms)
		ExecutionOrderSort2 (0ms)
		AwakeInstancesAfterBackupRestoration (0ms)
========================================================================
Worker process is ready to serve import requests
Import Worker Mode flag is 0x00
Begin MonoManager ReloadAssembly
- Loaded All Assemblies, in  0.509 seconds
Refreshing native plugins compatible for Editor in 0.68 ms, found 3 plugins.
Native extension for WindowsStandalone target not found
Native extension for WebGL target not found
Mono: successfully reloaded assembly
- Finished resetting the current domain, in  0.471 seconds
Domain Reload Profiling: 977ms
	BeginReloadAssembly (118ms)
		ExecutionOrderSort (0ms)
		DisableScriptedObjects (4ms)
		BackupInstance (0ms)
		ReleaseScriptingObjects (0ms)
		CreateAndSetChildDomain (21ms)
	RebuildCommonClasses (24ms)
	RebuildNativeTypeToScriptingClass (7ms)
	initialDomainReloadingComplete (26ms)
	LoadAllAssembliesAndSetupDomain (331ms)
		LoadAssemblies (245ms)
		RebuildTransferFunctionScriptingTraits (0ms)
		AnalyzeDomain (155ms)
			TypeCache.Refresh (117ms)
				TypeCache.ScanAssembly (104ms)
			BuildScriptInfoCaches (30ms)
			ResolveRequiredComponents (7ms)
	FinalizeReload (472ms)
		ReleaseScriptCaches (0ms)
		RebuildScriptCaches (0ms)
		SetupLoadedEditorAssemblies (365ms)
			LogAssemblyErrors (0ms)
			InitializePlatformSupportModulesInManaged (2ms)
			SetLoadedEditorAssemblies (2ms)
			BeforeProcessingInitializeOnLoad (64ms)
			ProcessInitializeOnLoadAttributes (238ms)
			ProcessInitializeOnLoadMethodAttributes (54ms)
			AfterProcessingInitializeOnLoad (4ms)
			EditorAssembliesLoaded (0ms)
		ExecutionOrderSort2 (0ms)
		AwakeInstancesAfterBackupRestoration (5ms)
Launched and connected shader compiler UnityShaderCompiler.exe after 0.01 seconds
Refreshing native plugins compatible for Editor in 0.84 ms, found 3 plugins.
Preloading 0 native plugins for Editor in 0.00 ms.
Unloading 198 Unused Serialized files (Serialized files now loaded: 0)
Unloading 6002 unused Assets / (6.2 MB). Loaded Objects now: 6651.
Memory consumption went from 167.2 MB to 161.0 MB.
Total: 8.484000 ms (FindLiveObjects: 0.943600 ms CreateObjectMapping: 0.700400 ms MarkObjects: 3.523600 ms  DeleteObjects: 3.313200 ms)

========================================================================
Received Import Request.
  Time since last request: 9398.564896 seconds.
  path: Assets/Scripts/Engine/Board/BoardManager.cs
  artifactKey: Guid(5a2922ffa0a89084b8e63676d418c9b1) Importer(815301076,1909f56bfc062723c751e8b465ee728b)
Start importing Assets/Scripts/Engine/Board/BoardManager.cs using Guid(5a2922ffa0a89084b8e63676d418c9b1) Importer(815301076,1909f56bfc062723c751e8b465ee728b) (PreviewImporter) -> (artifact id: '3b627e28aff67f0eb59c00808dce490d') in 0.0051963 seconds
Number of updated asset objects reloaded before import = 0Number of asset objects unloaded after import = 0

========================================================================
Received Prepare
Refreshing native plugins compatible for Editor in 1.22 ms, found 3 plugins.
Preloading 0 native plugins for Editor in 0.00 ms.
Unloading 34 Unused Serialized files (Serialized files now loaded: 0)
Unloading 5991 unused Assets / (6.3 MB). Loaded Objects now: 6653.
Memory consumption went from 142.0 MB to 135.7 MB.
Total: 12.136400 ms (FindLiveObjects: 0.767800 ms CreateObjectMapping: 0.921700 ms MarkObjects: 5.108900 ms  DeleteObjects: 5.336700 ms)

Prepare: number of updated asset objects reloaded= 0
========================================================================
Received Import Request.
  Time since last request: 57.696120 seconds.
  path: Assets/Scripts/Engine/Game/PotManager.cs
  artifactKey: Guid(a88bd21f3f3d74445850a9b044a6346b) Importer(815301076,1909f56bfc062723c751e8b465ee728b)
Start importing Assets/Scripts/Engine/Game/PotManager.cs using Guid(a88bd21f3f3d74445850a9b044a6346b) Importer(815301076,1909f56bfc062723c751e8b465ee728b) (PreviewImporter) -> (artifact id: 'ea3248897925f54c07d3f0f5412aeead') in 0.0046473 seconds
Number of updated asset objects reloaded before import = 0Number of asset objects unloaded after import = 0

========================================================================
Received Prepare
Refreshing native plugins compatible for Editor in 1.46 ms, found 3 plugins.
Preloading 0 native plugins for Editor in 0.00 ms.
Unloading 34 Unused Serialized files (Serialized files now loaded: 0)
Unloading 5991 unused Assets / (5.9 MB). Loaded Objects now: 6653.
Memory consumption went from 142.0 MB to 136.1 MB.
Total: 11.024600 ms (FindLiveObjects: 0.636900 ms CreateObjectMapping: 0.864600 ms MarkObjects: 4.445800 ms  DeleteObjects: 5.075300 ms)

Prepare: number of updated asset objects reloaded= 0
========================================================================
Received Import Request.
  Time since last request: 72.170298 seconds.
  path: Assets/Scripts/Engine/Game/ReserveManager.cs
  artifactKey: Guid(d236848684e2dce4baa4d4279ab974b8) Importer(815301076,1909f56bfc062723c751e8b465ee728b)
Start importing Assets/Scripts/Engine/Game/ReserveManager.cs using Guid(d236848684e2dce4baa4d4279ab974b8) Importer(815301076,1909f56bfc062723c751e8b465ee728b) (PreviewImporter) -> (artifact id: '8f2ef5ece798b7b56906031eb619474f') in 0.0046563 seconds
Number of updated asset objects reloaded before import = 0Number of asset objects unloaded after import = 0

========================================================================
Received Prepare
Refreshing native plugins compatible for Editor in 1.36 ms, found 3 plugins.
Preloading 0 native plugins for Editor in 0.00 ms.
Unloading 34 Unused Serialized files (Serialized files now loaded: 0)
Unloading 5991 unused Assets / (5.8 MB). Loaded Objects now: 6653.
Memory consumption went from 142.0 MB to 136.2 MB.
Total: 11.055800 ms (FindLiveObjects: 0.884300 ms CreateObjectMapping: 1.031000 ms MarkObjects: 4.983600 ms  DeleteObjects: 4.155400 ms)

Prepare: number of updated asset objects reloaded= 0
========================================================================
Received Import Request.
  Time since last request: 53.008004 seconds.
  path: Assets/Scripts/Engine/Game/EchoTileManager.cs
  artifactKey: Guid(088f256e00e74ac4d919ec13a7821174) Importer(815301076,1909f56bfc062723c751e8b465ee728b)
Start importing Assets/Scripts/Engine/Game/EchoTileManager.cs using Guid(088f256e00e74ac4d919ec13a7821174) Importer(815301076,1909f56bfc062723c751e8b465ee728b) (PreviewImporter) -> (artifact id: '6fb7e2fc74f949b52dd7747766a0300c') in 0.0035288 seconds
Number of updated asset objects reloaded before import = 0Number of asset objects unloaded after import = 0

========================================================================
Received Prepare
Refreshing native plugins compatible for Editor in 1.48 ms, found 3 plugins.
Preloading 0 native plugins for Editor in 0.00 ms.
Unloading 34 Unused Serialized files (Serialized files now loaded: 0)
Unloading 5991 unused Assets / (6.8 MB). Loaded Objects now: 6653.
Memory consumption went from 142.0 MB to 135.3 MB.
Total: 13.884300 ms (FindLiveObjects: 0.686300 ms CreateObjectMapping: 0.936700 ms MarkObjects: 6.164100 ms  DeleteObjects: 6.095100 ms)

Prepare: number of updated asset objects reloaded= 0
========================================================================
Received Import Request.
  Time since last request: 85.244549 seconds.
  path: Assets/Scripts/Engine/Game/MomentumManager.cs
  artifactKey: Guid(676c30f145700444899ecfbf8627c0a2) Importer(815301076,1909f56bfc062723c751e8b465ee728b)
Start importing Assets/Scripts/Engine/Game/MomentumManager.cs using Guid(676c30f145700444899ecfbf8627c0a2) Importer(815301076,1909f56bfc062723c751e8b465ee728b) (PreviewImporter) -> (artifact id: '8cb9c5730b6c49e08e3572bd82c20da8') in 0.0044164 seconds
Number of updated asset objects reloaded before import = 0Number of asset objects unloaded after import = 0

========================================================================
Received Prepare
Refreshing native plugins compatible for Editor in 1.41 ms, found 3 plugins.
Preloading 0 native plugins for Editor in 0.00 ms.
Unloading 34 Unused Serialized files (Serialized files now loaded: 0)
Unloading 5991 unused Assets / (6.7 MB). Loaded Objects now: 6653.
Memory consumption went from 142.0 MB to 135.4 MB.
Total: 12.210500 ms (FindLiveObjects: 0.702700 ms CreateObjectMapping: 0.860200 ms MarkObjects: 5.025900 ms  DeleteObjects: 5.619800 ms)

Prepare: number of updated asset objects reloaded= 0
========================================================================
Received Import Request.
  Time since last request: 62.840669 seconds.
  path: Assets/Scripts/Engine/Game/BloomingManager.cs
  artifactKey: Guid(d61a02ca3bd792b47836427edd1c46dc) Importer(815301076,1909f56bfc062723c751e8b465ee728b)
Start importing Assets/Scripts/Engine/Game/BloomingManager.cs using Guid(d61a02ca3bd792b47836427edd1c46dc) Importer(815301076,1909f56bfc062723c751e8b465ee728b) (PreviewImporter) -> (artifact id: 'f07d183e9951c74b959c7d7ab36e906d') in 0.0055255 seconds
Number of updated asset objects reloaded before import = 0Number of asset objects unloaded after import = 0

========================================================================
Received Prepare
Refreshing native plugins compatible for Editor in 1.57 ms, found 3 plugins.
Preloading 0 native plugins for Editor in 0.00 ms.
Unloading 34 Unused Serialized files (Serialized files now loaded: 0)
Unloading 5991 unused Assets / (6.7 MB). Loaded Objects now: 6653.
Memory consumption went from 142.0 MB to 135.4 MB.
Total: 10.846200 ms (FindLiveObjects: 0.714300 ms CreateObjectMapping: 1.076600 ms MarkObjects: 4.910700 ms  DeleteObjects: 4.143100 ms)

Prepare: number of updated asset objects reloaded= 0
========================================================================
Received Import Request.
  Time since last request: 74.275095 seconds.
  path: Assets/Scripts/Engine/Board/BoardManager.cs
  artifactKey: Guid(5a2922ffa0a89084b8e63676d418c9b1) Importer(815301076,1909f56bfc062723c751e8b465ee728b)
Start importing Assets/Scripts/Engine/Board/BoardManager.cs using Guid(5a2922ffa0a89084b8e63676d418c9b1) Importer(815301076,1909f56bfc062723c751e8b465ee728b) (PreviewImporter) -> (artifact id: '31b950b443d904cd73dbff6f5ed60256') in 0.0037716 seconds
Number of updated asset objects reloaded before import = 0Number of asset objects unloaded after import = 0

========================================================================
Received Prepare
Refreshing native plugins compatible for Editor in 1.35 ms, found 3 plugins.
Preloading 0 native plugins for Editor in 0.00 ms.
Unloading 34 Unused Serialized files (Serialized files now loaded: 0)
Unloading 5991 unused Assets / (6.7 MB). Loaded Objects now: 6653.
Memory consumption went from 142.0 MB to 135.4 MB.
Total: 13.479100 ms (FindLiveObjects: 0.774200 ms CreateObjectMapping: 1.021200 ms MarkObjects: 5.776000 ms  DeleteObjects: 5.905700 ms)

Prepare: number of updated asset objects reloaded= 0
========================================================================
Received Import Request.
  Time since last request: 57.844400 seconds.
  path: Assets/Scripts/Engine/Game/EchoTileManager.cs
  artifactKey: Guid(088f256e00e74ac4d919ec13a7821174) Importer(815301076,1909f56bfc062723c751e8b465ee728b)
Start importing Assets/Scripts/Engine/Game/EchoTileManager.cs using Guid(088f256e00e74ac4d919ec13a7821174) Importer(815301076,1909f56bfc062723c751e8b465ee728b) (PreviewImporter) -> (artifact id: 'f4a115f0f56b5c3d6aeb09d146887c60') in 0.0037982 seconds
Number of updated asset objects reloaded before import = 0Number of asset objects unloaded after import = 0

========================================================================
Received Prepare
Refreshing native plugins compatible for Editor in 1.17 ms, found 3 plugins.
Preloading 0 native plugins for Editor in 0.00 ms.
Unloading 34 Unused Serialized files (Serialized files now loaded: 0)
Unloading 5991 unused Assets / (6.7 MB). Loaded Objects now: 6653.
Memory consumption went from 142.0 MB to 135.3 MB.
Total: 11.184100 ms (FindLiveObjects: 0.618000 ms CreateObjectMapping: 0.796300 ms MarkObjects: 4.484100 ms  DeleteObjects: 5.284300 ms)

Prepare: number of updated asset objects reloaded= 0
========================================================================
Received Import Request.
  Time since last request: 18.882686 seconds.
  path: Assets/Scripts/Engine/Game/GameEndManager.cs
  artifactKey: Guid(323700cdd41f79a4fa2b9119c55e1ef6) Importer(815301076,1909f56bfc062723c751e8b465ee728b)
Start importing Assets/Scripts/Engine/Game/GameEndManager.cs using Guid(323700cdd41f79a4fa2b9119c55e1ef6) Importer(815301076,1909f56bfc062723c751e8b465ee728b) (PreviewImporter) -> (artifact id: '0a1ee4239211d9ce4bc63d9d15e4566f') in 0.0035171 seconds
Number of updated asset objects reloaded before import = 0Number of asset objects unloaded after import = 0

========================================================================
Received Import Request.
  Time since last request: 14.930774 seconds.
  path: Assets/Scripts/Engine/Game/PieceCaptureManager.cs
  artifactKey: Guid(c30da54b178139e4db0ccc722b79fa1c) Importer(815301076,1909f56bfc062723c751e8b465ee728b)
Start importing Assets/Scripts/Engine/Game/PieceCaptureManager.cs using Guid(c30da54b178139e4db0ccc722b79fa1c) Importer(815301076,1909f56bfc062723c751e8b465ee728b) (PreviewImporter) -> (artifact id: 'e5187e26f8104ed95b37268a4b8ad77f') in 0.0005336 seconds
Number of updated asset objects reloaded before import = 0Number of asset objects unloaded after import = 0

========================================================================
Received Prepare
Refreshing native plugins compatible for Editor in 1.18 ms, found 3 plugins.
Preloading 0 native plugins for Editor in 0.00 ms.
Unloading 34 Unused Serialized files (Serialized files now loaded: 0)
Unloading 5991 unused Assets / (5.2 MB). Loaded Objects now: 6653.
Memory consumption went from 142.0 MB to 136.8 MB.
Total: 10.338800 ms (FindLiveObjects: 0.626200 ms CreateObjectMapping: 0.782400 ms MarkObjects: 5.298500 ms  DeleteObjects: 3.630600 ms)

Prepare: number of updated asset objects reloaded= 0
========================================================================
Received Import Request.
  Time since last request: 75.263377 seconds.
  path: Assets/Scripts/Engine/Game/PieceCaptureManager.cs
  artifactKey: Guid(c30da54b178139e4db0ccc722b79fa1c) Importer(815301076,1909f56bfc062723c751e8b465ee728b)
Start importing Assets/Scripts/Engine/Game/PieceCaptureManager.cs using Guid(c30da54b178139e4db0ccc722b79fa1c) Importer(815301076,1909f56bfc062723c751e8b465ee728b) (PreviewImporter) -> (artifact id: 'f7771a9953664f6549b5b7e7c2182a9f') in 0.0032758 seconds
Number of updated asset objects reloaded before import = 0Number of asset objects unloaded after import = 0

========================================================================
Received Import Request.
  Time since last request: 18.036731 seconds.
  path: Assets/Scripts/Engine/Game/TileSelector.cs
  artifactKey: Guid(6c3847736d983d341aeb504a34dbc408) Importer(815301076,1909f56bfc062723c751e8b465ee728b)
Start importing Assets/Scripts/Engine/Game/TileSelector.cs using Guid(6c3847736d983d341aeb504a34dbc408) Importer(815301076,1909f56bfc062723c751e8b465ee728b) (PreviewImporter) -> (artifact id: '4f4af667927c3f21cd60b40dc65ad9bc') in 0.0005711 seconds
Number of updated asset objects reloaded before import = 0Number of asset objects unloaded after import = 0

========================================================================
Received Prepare
Refreshing native plugins compatible for Editor in 1.25 ms, found 3 plugins.
Preloading 0 native plugins for Editor in 0.00 ms.
Unloading 34 Unused Serialized files (Serialized files now loaded: 0)
Unloading 5991 unused Assets / (6.1 MB). Loaded Objects now: 6653.
Memory consumption went from 142.0 MB to 135.9 MB.
Total: 12.844600 ms (FindLiveObjects: 0.686500 ms CreateObjectMapping: 0.997400 ms MarkObjects: 6.085800 ms  DeleteObjects: 5.073000 ms)

Prepare: number of updated asset objects reloaded= 0
========================================================================
Received Import Request.
  Time since last request: 59.024577 seconds.
  path: Assets/Scripts/Engine/Game/TileSelector.cs
  artifactKey: Guid(6c3847736d983d341aeb504a34dbc408) Importer(815301076,1909f56bfc062723c751e8b465ee728b)
Start importing Assets/Scripts/Engine/Game/TileSelector.cs using Guid(6c3847736d983d341aeb504a34dbc408) Importer(815301076,1909f56bfc062723c751e8b465ee728b) (PreviewImporter) -> (artifact id: '020ba349b067c917332aa10d892c5500') in 0.0044249 seconds
Number of updated asset objects reloaded before import = 0Number of asset objects unloaded after import = 0

========================================================================
Received Prepare
Refreshing native plugins compatible for Editor in 1.25 ms, found 3 plugins.
Preloading 0 native plugins for Editor in 0.00 ms.
Unloading 34 Unused Serialized files (Serialized files now loaded: 0)
Unloading 5991 unused Assets / (6.7 MB). Loaded Objects now: 6653.
Memory consumption went from 142.0 MB to 135.3 MB.
Total: 12.057500 ms (FindLiveObjects: 0.669500 ms CreateObjectMapping: 0.886300 ms MarkObjects: 5.922100 ms  DeleteObjects: 4.578000 ms)

Prepare: number of updated asset objects reloaded= 0
========================================================================
Received Import Request.
  Time since last request: 115.512712 seconds.
  path: Assets/Scripts/Engine/Game/WheelRotationManager.cs
  artifactKey: Guid(b385b5b1cbc5a9d43817affd7478c6db) Importer(815301076,1909f56bfc062723c751e8b465ee728b)
Start importing Assets/Scripts/Engine/Game/WheelRotationManager.cs using Guid(b385b5b1cbc5a9d43817affd7478c6db) Importer(815301076,1909f56bfc062723c751e8b465ee728b) (PreviewImporter) -> (artifact id: 'ad895119f77b2e295536d1a4e9a32c1d') in 0.0036739 seconds
Number of updated asset objects reloaded before import = 0Number of asset objects unloaded after import = 0

========================================================================
Received Import Request.
  Time since last request: 24.498646 seconds.
  path: Assets/Scripts/Engine/Game/GameSummaryManager.cs
  artifactKey: Guid(d97443c1525ea6742905bb4134afad26) Importer(815301076,1909f56bfc062723c751e8b465ee728b)
Start importing Assets/Scripts/Engine/Game/GameSummaryManager.cs using Guid(d97443c1525ea6742905bb4134afad26) Importer(815301076,1909f56bfc062723c751e8b465ee728b) (PreviewImporter) -> (artifact id: 'b3192799a50b3ce5e18237d388a1d7f3') in 0.0005994 seconds
Number of updated asset objects reloaded before import = 0Number of asset objects unloaded after import = 0

========================================================================
Received Prepare
Refreshing native plugins compatible for Editor in 1.28 ms, found 3 plugins.
Preloading 0 native plugins for Editor in 0.00 ms.
Unloading 34 Unused Serialized files (Serialized files now loaded: 0)
Unloading 5991 unused Assets / (6.3 MB). Loaded Objects now: 6653.
Memory consumption went from 142.0 MB to 135.8 MB.
Total: 10.306600 ms (FindLiveObjects: 0.600100 ms CreateObjectMapping: 0.900200 ms MarkObjects: 4.859600 ms  DeleteObjects: 3.945500 ms)

Prepare: number of updated asset objects reloaded= 0
========================================================================
Received Import Request.
  Time since last request: 57.840819 seconds.
  path: Assets/Scripts/Engine/Game/GameSummaryManager.cs
  artifactKey: Guid(d97443c1525ea6742905bb4134afad26) Importer(815301076,1909f56bfc062723c751e8b465ee728b)
Start importing Assets/Scripts/Engine/Game/GameSummaryManager.cs using Guid(d97443c1525ea6742905bb4134afad26) Importer(815301076,1909f56bfc062723c751e8b465ee728b) (PreviewImporter) -> (artifact id: '133aabdf074a3b174c248d0a7143a43d') in 0.0032534 seconds
Number of updated asset objects reloaded before import = 0Number of asset objects unloaded after import = 0

========================================================================
Received Prepare
Refreshing native plugins compatible for Editor in 1.35 ms, found 3 plugins.
Preloading 0 native plugins for Editor in 0.00 ms.
Unloading 34 Unused Serialized files (Serialized files now loaded: 0)
Unloading 5991 unused Assets / (6.4 MB). Loaded Objects now: 6653.
Memory consumption went from 142.0 MB to 135.6 MB.
Total: 11.382500 ms (FindLiveObjects: 0.641300 ms CreateObjectMapping: 0.733900 ms MarkObjects: 5.805700 ms  DeleteObjects: 4.199400 ms)

Prepare: number of updated asset objects reloaded= 0
========================================================================
Received Import Request.
  Time since last request: 74.655040 seconds.
  path: Assets/Scripts/Engine/Game/PieceCaptureManager.cs
  artifactKey: Guid(c30da54b178139e4db0ccc722b79fa1c) Importer(815301076,1909f56bfc062723c751e8b465ee728b)
Start importing Assets/Scripts/Engine/Game/PieceCaptureManager.cs using Guid(c30da54b178139e4db0ccc722b79fa1c) Importer(815301076,1909f56bfc062723c751e8b465ee728b) (PreviewImporter) -> (artifact id: 'b91b5172bc9cbe3084a8a001474d865a') in 0.0038586 seconds
Number of updated asset objects reloaded before import = 0Number of asset objects unloaded after import = 0

========================================================================
Received Prepare
Refreshing native plugins compatible for Editor in 1.18 ms, found 3 plugins.
Preloading 0 native plugins for Editor in 0.00 ms.
Unloading 34 Unused Serialized files (Serialized files now loaded: 0)
Unloading 5991 unused Assets / (6.3 MB). Loaded Objects now: 6653.
Memory consumption went from 142.0 MB to 135.7 MB.
Total: 10.190300 ms (FindLiveObjects: 0.643000 ms CreateObjectMapping: 0.658300 ms MarkObjects: 5.416000 ms  DeleteObjects: 3.471600 ms)

Prepare: number of updated asset objects reloaded= 0
========================================================================
Received Import Request.
  Time since last request: 209.594734 seconds.
  path: Assets/Scripts/Engine/Game/PlacementValidator.cs
  artifactKey: Guid(07f9415bde3854b4e946bc13244e06a9) Importer(815301076,1909f56bfc062723c751e8b465ee728b)
Start importing Assets/Scripts/Engine/Game/PlacementValidator.cs using Guid(07f9415bde3854b4e946bc13244e06a9) Importer(815301076,1909f56bfc062723c751e8b465ee728b) (PreviewImporter) -> (artifact id: '4e29c1433bcfd755e2cdb059f3ba560b') in 0.0046485 seconds
Number of updated asset objects reloaded before import = 0Number of asset objects unloaded after import = 0

========================================================================
Received Prepare
Refreshing native plugins compatible for Editor in 1.27 ms, found 3 plugins.
Preloading 0 native plugins for Editor in 0.00 ms.
Unloading 34 Unused Serialized files (Serialized files now loaded: 0)
Unloading 5991 unused Assets / (6.7 MB). Loaded Objects now: 6653.
Memory consumption went from 142.0 MB to 135.3 MB.
Total: 12.712600 ms (FindLiveObjects: 0.774700 ms CreateObjectMapping: 0.918600 ms MarkObjects: 5.929200 ms  DeleteObjects: 5.088700 ms)

Prepare: number of updated asset objects reloaded= 0
========================================================================
Received Import Request.
  Time since last request: 73.910361 seconds.
  path: Assets/Scripts/Engine/Game/ReserveManager.cs
  artifactKey: Guid(d236848684e2dce4baa4d4279ab974b8) Importer(815301076,1909f56bfc062723c751e8b465ee728b)
Start importing Assets/Scripts/Engine/Game/ReserveManager.cs using Guid(d236848684e2dce4baa4d4279ab974b8) Importer(815301076,1909f56bfc062723c751e8b465ee728b) (PreviewImporter) -> (artifact id: '4f60b4adb7a4b7899c10ae5e3b4c77a9') in 0.0032656 seconds
Number of updated asset objects reloaded before import = 0Number of asset objects unloaded after import = 0

========================================================================
Received Prepare
Refreshing native plugins compatible for Editor in 1.35 ms, found 3 plugins.
Preloading 0 native plugins for Editor in 0.00 ms.
Unloading 34 Unused Serialized files (Serialized files now loaded: 0)
Unloading 5991 unused Assets / (5.9 MB). Loaded Objects now: 6653.
Memory consumption went from 142.0 MB to 136.1 MB.
Total: 11.407100 ms (FindLiveObjects: 0.825700 ms CreateObjectMapping: 0.804600 ms MarkObjects: 5.849200 ms  DeleteObjects: 3.924900 ms)

Prepare: number of updated asset objects reloaded= 0
========================================================================
Received Import Request.
  Time since last request: 98.624233 seconds.
  path: Assets/Scripts/Engine/Game/CaptureManager.cs
  artifactKey: Guid(0b4cd39b247a3a047a91ba4eec04c39f) Importer(815301076,1909f56bfc062723c751e8b465ee728b)
Start importing Assets/Scripts/Engine/Game/CaptureManager.cs using Guid(0b4cd39b247a3a047a91ba4eec04c39f) Importer(815301076,1909f56bfc062723c751e8b465ee728b) (PreviewImporter) -> (artifact id: '0deae4d8e5e8c3ec31259a53b8d4d8cb') in 0.0043473 seconds
Number of updated asset objects reloaded before import = 0Number of asset objects unloaded after import = 0

========================================================================
Received Prepare
Refreshing native plugins compatible for Editor in 1.26 ms, found 3 plugins.
Preloading 0 native plugins for Editor in 0.00 ms.
Unloading 34 Unused Serialized files (Serialized files now loaded: 0)
Unloading 5991 unused Assets / (6.6 MB). Loaded Objects now: 6653.
Memory consumption went from 142.0 MB to 135.4 MB.
Total: 12.357300 ms (FindLiveObjects: 0.901100 ms CreateObjectMapping: 0.819100 ms MarkObjects: 5.484400 ms  DeleteObjects: 5.151000 ms)

Prepare: number of updated asset objects reloaded= 0
========================================================================
Received Import Request.
  Time since last request: 160.786490 seconds.
  path: Assets/Scripts/Engine/Board/BoardUtils.cs
  artifactKey: Guid(2c313539948fc3d4da3d5e8dcca469bf) Importer(815301076,1909f56bfc062723c751e8b465ee728b)
Start importing Assets/Scripts/Engine/Board/BoardUtils.cs using Guid(2c313539948fc3d4da3d5e8dcca469bf) Importer(815301076,1909f56bfc062723c751e8b465ee728b) (PreviewImporter) -> (artifact id: 'ac74e75e51be077e571fc8085de81583') in 0.0042492 seconds
Number of updated asset objects reloaded before import = 0Number of asset objects unloaded after import = 0

========================================================================
Received Prepare
Refreshing native plugins compatible for Editor in 1.34 ms, found 3 plugins.
Preloading 0 native plugins for Editor in 0.00 ms.
Unloading 34 Unused Serialized files (Serialized files now loaded: 0)
Unloading 5991 unused Assets / (6.4 MB). Loaded Objects now: 6653.
Memory consumption went from 142.0 MB to 135.6 MB.
Total: 11.240200 ms (FindLiveObjects: 0.659900 ms CreateObjectMapping: 0.749600 ms MarkObjects: 5.539200 ms  DeleteObjects: 4.290300 ms)

Prepare: number of updated asset objects reloaded= 0
========================================================================
Received Import Request.
  Time since last request: 78.847898 seconds.
  path: Assets/Scripts/Engine/Board/BoardManager.cs
  artifactKey: Guid(5a2922ffa0a89084b8e63676d418c9b1) Importer(815301076,1909f56bfc062723c751e8b465ee728b)
Start importing Assets/Scripts/Engine/Board/BoardManager.cs using Guid(5a2922ffa0a89084b8e63676d418c9b1) Importer(815301076,1909f56bfc062723c751e8b465ee728b) (PreviewImporter) -> (artifact id: 'e1a37081e35a2b85b1a5447f1c4543f6') in 0.0034122 seconds
Number of updated asset objects reloaded before import = 0Number of asset objects unloaded after import = 0

========================================================================
Received Prepare
Refreshing native plugins compatible for Editor in 0.84 ms, found 3 plugins.
Preloading 0 native plugins for Editor in 0.00 ms.
Unloading 34 Unused Serialized files (Serialized files now loaded: 0)
Unloading 5991 unused Assets / (6.6 MB). Loaded Objects now: 6653.
Memory consumption went from 142.0 MB to 135.5 MB.
Total: 12.617100 ms (FindLiveObjects: 0.537100 ms CreateObjectMapping: 0.563700 ms MarkObjects: 6.764700 ms  DeleteObjects: 4.750300 ms)

Prepare: number of updated asset objects reloaded= 0
========================================================================
Received Import Request.
  Time since last request: 61.970157 seconds.
  path: Assets/Scripts/Engine/Board/TileLifecycleManager.cs
  artifactKey: Guid(f17520b9e7aa6fb48a41dc6f6f8b0a80) Importer(815301076,1909f56bfc062723c751e8b465ee728b)
Start importing Assets/Scripts/Engine/Board/TileLifecycleManager.cs using Guid(f17520b9e7aa6fb48a41dc6f6f8b0a80) Importer(815301076,1909f56bfc062723c751e8b465ee728b) (PreviewImporter) -> (artifact id: '94cfa9623e932462386e847e61fda15c') in 0.0041623 seconds
Number of updated asset objects reloaded before import = 0Number of asset objects unloaded after import = 0

========================================================================
Received Prepare
Refreshing native plugins compatible for Editor in 1.40 ms, found 3 plugins.
Preloading 0 native plugins for Editor in 0.00 ms.
Unloading 34 Unused Serialized files (Serialized files now loaded: 0)
Unloading 5991 unused Assets / (6.4 MB). Loaded Objects now: 6653.
Memory consumption went from 142.0 MB to 135.6 MB.
Total: 11.437800 ms (FindLiveObjects: 0.713900 ms CreateObjectMapping: 1.135200 ms MarkObjects: 4.776900 ms  DeleteObjects: 4.809700 ms)

Prepare: number of updated asset objects reloaded= 0
========================================================================
Received Import Request.
  Time since last request: 59.333771 seconds.
  path: Assets/Scripts/Engine/Game/WheelRotationManager.cs
  artifactKey: Guid(b385b5b1cbc5a9d43817affd7478c6db) Importer(815301076,1909f56bfc062723c751e8b465ee728b)
Start importing Assets/Scripts/Engine/Game/WheelRotationManager.cs using Guid(b385b5b1cbc5a9d43817affd7478c6db) Importer(815301076,1909f56bfc062723c751e8b465ee728b) (PreviewImporter) -> (artifact id: 'e32b3e95356629c7b474ed7a15786b0f') in 0.0050255 seconds
Number of updated asset objects reloaded before import = 0Number of asset objects unloaded after import = 0

========================================================================
Received Prepare
Refreshing native plugins compatible for Editor in 1.10 ms, found 3 plugins.
Preloading 0 native plugins for Editor in 0.00 ms.
Unloading 34 Unused Serialized files (Serialized files now loaded: 0)
Unloading 5991 unused Assets / (6.2 MB). Loaded Objects now: 6653.
Memory consumption went from 142.1 MB to 135.9 MB.
Total: 10.558800 ms (FindLiveObjects: 0.776100 ms CreateObjectMapping: 0.834200 ms MarkObjects: 4.806200 ms  DeleteObjects: 4.139200 ms)

Prepare: number of updated asset objects reloaded= 0
========================================================================
Received Import Request.
  Time since last request: 63.324931 seconds.
  path: Assets/Scripts/Engine/Board/TileLifecycleManager.cs
  artifactKey: Guid(f17520b9e7aa6fb48a41dc6f6f8b0a80) Importer(815301076,1909f56bfc062723c751e8b465ee728b)
Start importing Assets/Scripts/Engine/Board/TileLifecycleManager.cs using Guid(f17520b9e7aa6fb48a41dc6f6f8b0a80) Importer(815301076,1909f56bfc062723c751e8b465ee728b) (PreviewImporter) -> (artifact id: '40d6ec6db81c2c8160a1bf5324a6be79') in 0.0034418 seconds
Number of updated asset objects reloaded before import = 0Number of asset objects unloaded after import = 0

========================================================================
Received Prepare
Refreshing native plugins compatible for Editor in 1.20 ms, found 3 plugins.
Preloading 0 native plugins for Editor in 0.00 ms.
Unloading 34 Unused Serialized files (Serialized files now loaded: 0)
Unloading 5991 unused Assets / (6.3 MB). Loaded Objects now: 6653.
Memory consumption went from 142.0 MB to 135.8 MB.
Total: 11.021000 ms (FindLiveObjects: 0.658800 ms CreateObjectMapping: 0.863400 ms MarkObjects: 5.084900 ms  DeleteObjects: 4.412600 ms)

Prepare: number of updated asset objects reloaded= 0
========================================================================
Received Import Request.
  Time since last request: 55.035437 seconds.
  path: Assets/Scripts/Engine/Game/EchoTileManager.cs
  artifactKey: Guid(088f256e00e74ac4d919ec13a7821174) Importer(815301076,1909f56bfc062723c751e8b465ee728b)
Start importing Assets/Scripts/Engine/Game/EchoTileManager.cs using Guid(088f256e00e74ac4d919ec13a7821174) Importer(815301076,1909f56bfc062723c751e8b465ee728b) (PreviewImporter) -> (artifact id: '6b904c6388509081486701647e56bd2d') in 0.0039099 seconds
Number of updated asset objects reloaded before import = 0Number of asset objects unloaded after import = 0

========================================================================
Received Prepare
Begin MonoManager ReloadAssembly
- Loaded All Assemblies, in  0.492 seconds
Refreshing native plugins compatible for Editor in 0.69 ms, found 3 plugins.
Native extension for WindowsStandalone target not found
Native extension for WebGL target not found
Mono: successfully reloaded assembly
- Finished resetting the current domain, in  0.483 seconds
Domain Reload Profiling: 975ms
	BeginReloadAssembly (150ms)
		ExecutionOrderSort (0ms)
		DisableScriptedObjects (4ms)
		BackupInstance (0ms)
		ReleaseScriptingObjects (0ms)
		CreateAndSetChildDomain (38ms)
	RebuildCommonClasses (23ms)
	RebuildNativeTypeToScriptingClass (8ms)
	initialDomainReloadingComplete (19ms)
	LoadAllAssembliesAndSetupDomain (291ms)
		LoadAssemblies (253ms)
		RebuildTransferFunctionScriptingTraits (0ms)
		AnalyzeDomain (111ms)
			TypeCache.Refresh (8ms)
				TypeCache.ScanAssembly (0ms)
			BuildScriptInfoCaches (92ms)
			ResolveRequiredComponents (7ms)
	FinalizeReload (483ms)
		ReleaseScriptCaches (0ms)
		RebuildScriptCaches (0ms)
		SetupLoadedEditorAssemblies (350ms)
			LogAssemblyErrors (0ms)
			InitializePlatformSupportModulesInManaged (2ms)
			SetLoadedEditorAssemblies (4ms)
			BeforeProcessingInitializeOnLoad (71ms)
			ProcessInitializeOnLoadAttributes (237ms)
			ProcessInitializeOnLoadMethodAttributes (32ms)
			AfterProcessingInitializeOnLoad (4ms)
			EditorAssembliesLoaded (0ms)
		ExecutionOrderSort2 (0ms)
		AwakeInstancesAfterBackupRestoration (10ms)
Refreshing native plugins compatible for Editor in 1.27 ms, found 3 plugins.
Preloading 0 native plugins for Editor in 0.00 ms.
Unloading 44 Unused Serialized files (Serialized files now loaded: 0)
Unloading 5997 unused Assets / (6.6 MB). Loaded Objects now: 6669.
Memory consumption went from 158.2 MB to 151.7 MB.
Total: 11.005500 ms (FindLiveObjects: 0.576800 ms CreateObjectMapping: 0.450800 ms MarkObjects: 5.529500 ms  DeleteObjects: 4.446800 ms)

Prepare: number of updated asset objects reloaded= 0
========================================================================
Received Import Request.
  Time since last request: 1438.426733 seconds.
  path: Assets/Scripts/Engine/Game/VictoryManager.cs
  artifactKey: Guid(038e06447fc4b7a499f260fdb3a001cb) Importer(815301076,1909f56bfc062723c751e8b465ee728b)
Start importing Assets/Scripts/Engine/Game/VictoryManager.cs using Guid(038e06447fc4b7a499f260fdb3a001cb) Importer(815301076,1909f56bfc062723c751e8b465ee728b) (PreviewImporter) -> (artifact id: 'a447e8a6dcb7b48cbdeaf9257bb0e2d1') in 0.0051497 seconds
Number of updated asset objects reloaded before import = 0Number of asset objects unloaded after import = 0

========================================================================
Received Prepare
Refreshing native plugins compatible for Editor in 1.17 ms, found 3 plugins.
Preloading 0 native plugins for Editor in 0.00 ms.
Unloading 33 Unused Serialized files (Serialized files now loaded: 0)
Unloading 5990 unused Assets / (6.1 MB). Loaded Objects now: 6669.
Memory consumption went from 156.5 MB to 150.4 MB.
Total: 11.447000 ms (FindLiveObjects: 0.612100 ms CreateObjectMapping: 0.813600 ms MarkObjects: 6.071700 ms  DeleteObjects: 3.948600 ms)

Prepare: number of updated asset objects reloaded= 0
========================================================================
Received Import Request.
  Time since last request: 38.300268 seconds.
  path: Assets/Scripts/Engine/Game/VictoryManager.cs
  artifactKey: Guid(038e06447fc4b7a499f260fdb3a001cb) Importer(815301076,1909f56bfc062723c751e8b465ee728b)
Start importing Assets/Scripts/Engine/Game/VictoryManager.cs using Guid(038e06447fc4b7a499f260fdb3a001cb) Importer(815301076,1909f56bfc062723c751e8b465ee728b) (PreviewImporter) -> (artifact id: '08597e67520da2b0c80d46516bf49652') in 0.0041238 seconds
Number of updated asset objects reloaded before import = 0Number of asset objects unloaded after import = 0

========================================================================
Received Import Request.
  Time since last request: 60.271097 seconds.
  path: Assets/Scripts/Engine/Board/BoardManager.cs
  artifactKey: Guid(5a2922ffa0a89084b8e63676d418c9b1) Importer(815301076,1909f56bfc062723c751e8b465ee728b)
Start importing Assets/Scripts/Engine/Board/BoardManager.cs using Guid(5a2922ffa0a89084b8e63676d418c9b1) Importer(815301076,1909f56bfc062723c751e8b465ee728b) (PreviewImporter) -> (artifact id: '38a055dbdcfc3d35cd5bf44601e41668') in 0.0005684 seconds
Number of updated asset objects reloaded before import = 0Number of asset objects unloaded after import = 0

========================================================================
Received Prepare
Refreshing native plugins compatible for Editor in 1.46 ms, found 3 plugins.
Preloading 0 native plugins for Editor in 0.00 ms.
Unloading 33 Unused Serialized files (Serialized files now loaded: 0)
Unloading 5990 unused Assets / (6.9 MB). Loaded Objects now: 6669.
Memory consumption went from 156.5 MB to 149.6 MB.
Total: 15.792700 ms (FindLiveObjects: 0.901700 ms CreateObjectMapping: 1.312000 ms MarkObjects: 7.242800 ms  DeleteObjects: 6.333600 ms)

Prepare: number of updated asset objects reloaded= 0
========================================================================
Received Import Request.
  Time since last request: 46.241279 seconds.
  path: Assets/Scripts/Engine/Board/BoardManager.cs
  artifactKey: Guid(5a2922ffa0a89084b8e63676d418c9b1) Importer(815301076,1909f56bfc062723c751e8b465ee728b)
Start importing Assets/Scripts/Engine/Board/BoardManager.cs using Guid(5a2922ffa0a89084b8e63676d418c9b1) Importer(815301076,1909f56bfc062723c751e8b465ee728b) (PreviewImporter) -> (artifact id: '3b04035c586190ed75aaa63b37999dd1') in 0.0060991 seconds
Number of updated asset objects reloaded before import = 0Number of asset objects unloaded after import = 0

========================================================================
Received Import Request.
  Time since last request: 1.285373 seconds.
  path: Assets/Scripts/Engine/Board/BoardUtils.cs
  artifactKey: Guid(2c313539948fc3d4da3d5e8dcca469bf) Importer(815301076,1909f56bfc062723c751e8b465ee728b)
Start importing Assets/Scripts/Engine/Board/BoardUtils.cs using Guid(2c313539948fc3d4da3d5e8dcca469bf) Importer(815301076,1909f56bfc062723c751e8b465ee728b) (PreviewImporter) -> (artifact id: '3cddd1e4b2e56b45cac4c4f9c2ed6353') in 0.0007065 seconds
Number of updated asset objects reloaded before import = 0Number of asset objects unloaded after import = 0

========================================================================
Received Prepare
Refreshing native plugins compatible for Editor in 1.13 ms, found 3 plugins.
Preloading 0 native plugins for Editor in 0.00 ms.
Unloading 33 Unused Serialized files (Serialized files now loaded: 0)
Unloading 5990 unused Assets / (6.6 MB). Loaded Objects now: 6669.
Memory consumption went from 156.5 MB to 149.9 MB.
Total: 10.989500 ms (FindLiveObjects: 0.585800 ms CreateObjectMapping: 0.892200 ms MarkObjects: 4.766100 ms  DeleteObjects: 4.743700 ms)

Prepare: number of updated asset objects reloaded= 0
========================================================================
Received Import Request.
  Time since last request: 31.754245 seconds.
  path: Assets/Scripts/Engine/Board/BoardUtils.cs
  artifactKey: Guid(2c313539948fc3d4da3d5e8dcca469bf) Importer(815301076,1909f56bfc062723c751e8b465ee728b)
Start importing Assets/Scripts/Engine/Board/BoardUtils.cs using Guid(2c313539948fc3d4da3d5e8dcca469bf) Importer(815301076,1909f56bfc062723c751e8b465ee728b) (PreviewImporter) -> (artifact id: '2c42539ce5ca20617a614cfbbfeeb1a0') in 0.0035516 seconds
Number of updated asset objects reloaded before import = 0Number of asset objects unloaded after import = 0

========================================================================
Received Prepare
Begin MonoManager ReloadAssembly
- Loaded All Assemblies, in  0.542 seconds
Refreshing native plugins compatible for Editor in 0.77 ms, found 3 plugins.
Native extension for WindowsStandalone target not found
Native extension for WebGL target not found
Mono: successfully reloaded assembly
- Finished resetting the current domain, in  0.469 seconds
Domain Reload Profiling: 1010ms
	BeginReloadAssembly (149ms)
		ExecutionOrderSort (0ms)
		DisableScriptedObjects (4ms)
		BackupInstance (0ms)
		ReleaseScriptingObjects (0ms)
		CreateAndSetChildDomain (37ms)
	RebuildCommonClasses (24ms)
	RebuildNativeTypeToScriptingClass (8ms)
	initialDomainReloadingComplete (21ms)
	LoadAllAssembliesAndSetupDomain (338ms)
		LoadAssemblies (296ms)
		RebuildTransferFunctionScriptingTraits (0ms)
		AnalyzeDomain (117ms)
			TypeCache.Refresh (9ms)
				TypeCache.ScanAssembly (0ms)
			BuildScriptInfoCaches (98ms)
			ResolveRequiredComponents (7ms)
	FinalizeReload (469ms)
		ReleaseScriptCaches (0ms)
		RebuildScriptCaches (0ms)
		SetupLoadedEditorAssemblies (346ms)
			LogAssemblyErrors (0ms)
			InitializePlatformSupportModulesInManaged (2ms)
			SetLoadedEditorAssemblies (4ms)
			BeforeProcessingInitializeOnLoad (72ms)
			ProcessInitializeOnLoadAttributes (233ms)
			ProcessInitializeOnLoadMethodAttributes (31ms)
			AfterProcessingInitializeOnLoad (4ms)
			EditorAssembliesLoaded (0ms)
		ExecutionOrderSort2 (0ms)
		AwakeInstancesAfterBackupRestoration (9ms)
Refreshing native plugins compatible for Editor in 1.57 ms, found 3 plugins.
Preloading 0 native plugins for Editor in 0.00 ms.
Unloading 33 Unused Serialized files (Serialized files now loaded: 0)
Unloading 5997 unused Assets / (7.2 MB). Loaded Objects now: 6671.
Memory consumption went from 156.3 MB to 149.1 MB.
Total: 11.374200 ms (FindLiveObjects: 0.907700 ms CreateObjectMapping: 0.561400 ms MarkObjects: 5.516600 ms  DeleteObjects: 4.386600 ms)

Prepare: number of updated asset objects reloaded= 0
========================================================================
Received Import Request.
  Time since last request: 126.577985 seconds.
  path: Assets/Scripts/Engine/Board/BoardManager.cs
  artifactKey: Guid(5a2922ffa0a89084b8e63676d418c9b1) Importer(815301076,1909f56bfc062723c751e8b465ee728b)
Start importing Assets/Scripts/Engine/Board/BoardManager.cs using Guid(5a2922ffa0a89084b8e63676d418c9b1) Importer(815301076,1909f56bfc062723c751e8b465ee728b) (PreviewImporter) -> (artifact id: '8c1add2feb650fb28b82afad0494977d') in 0.0058446 seconds
Number of updated asset objects reloaded before import = 0Number of asset objects unloaded after import = 0

========================================================================
Received Import Request.
  Time since last request: 533.798129 seconds.
  path: Assets/Scripts/Managers/MaterialManager.cs
  artifactKey: Guid(b48cf367c28059a4e9d2c4742dcf9a92) Importer(815301076,1909f56bfc062723c751e8b465ee728b)
Start importing Assets/Scripts/Managers/MaterialManager.cs using Guid(b48cf367c28059a4e9d2c4742dcf9a92) Importer(815301076,1909f56bfc062723c751e8b465ee728b) (PreviewImporter) -> (artifact id: 'e137955c291c6870e16ed6509bad3bae') in 0.0008313 seconds
Number of updated asset objects reloaded before import = 0Number of asset objects unloaded after import = 0

========================================================================
Received Import Request.
  Time since last request: 146.020143 seconds.
  path: Assets/Scripts/Engine/Game/TileSelector.cs
  artifactKey: Guid(6c3847736d983d341aeb504a34dbc408) Importer(815301076,1909f56bfc062723c751e8b465ee728b)
Start importing Assets/Scripts/Engine/Game/TileSelector.cs using Guid(6c3847736d983d341aeb504a34dbc408) Importer(815301076,1909f56bfc062723c751e8b465ee728b) (PreviewImporter) -> (artifact id: '67cdc6b7817ed291e644fa264ec1ff40') in 0.0006416 seconds
Number of updated asset objects reloaded before import = 0Number of asset objects unloaded after import = 0

========================================================================
Received Prepare
Refreshing native plugins compatible for Editor in 1.26 ms, found 3 plugins.
Preloading 0 native plugins for Editor in 0.00 ms.
Unloading 33 Unused Serialized files (Serialized files now loaded: 0)
Unloading 5990 unused Assets / (5.7 MB). Loaded Objects now: 6671.
Memory consumption went from 156.5 MB to 150.8 MB.
Total: 11.472300 ms (FindLiveObjects: 0.698900 ms CreateObjectMapping: 0.846600 ms MarkObjects: 6.174100 ms  DeleteObjects: 3.751200 ms)

Prepare: number of updated asset objects reloaded= 0
========================================================================
Received Import Request.
  Time since last request: 33.245056 seconds.
  path: Assets/Scripts/Engine/Game/TileSelector.cs
  artifactKey: Guid(6c3847736d983d341aeb504a34dbc408) Importer(815301076,1909f56bfc062723c751e8b465ee728b)
Start importing Assets/Scripts/Engine/Game/TileSelector.cs using Guid(6c3847736d983d341aeb504a34dbc408) Importer(815301076,1909f56bfc062723c751e8b465ee728b) (PreviewImporter) -> (artifact id: 'be15320f618c31b8f6c68e27f42b0ccd') in 0.0042619 seconds
Number of updated asset objects reloaded before import = 0Number of asset objects unloaded after import = 0

========================================================================
Received Prepare
Refreshing native plugins compatible for Editor in 1.68 ms, found 3 plugins.
Preloading 0 native plugins for Editor in 0.00 ms.
Unloading 33 Unused Serialized files (Serialized files now loaded: 0)
Unloading 5991 unused Assets / (6.5 MB). Loaded Objects now: 6672.
Memory consumption went from 156.5 MB to 150.0 MB.
Total: 13.199200 ms (FindLiveObjects: 0.953800 ms CreateObjectMapping: 0.987700 ms MarkObjects: 5.529600 ms  DeleteObjects: 5.726000 ms)

Prepare: number of updated asset objects reloaded= 0
========================================================================
Received Import Request.
  Time since last request: 41.627542 seconds.
  path: Assets/Scripts/Engine/Pieces/Tile.cs
  artifactKey: Guid(d450af7d718c875429774455069175e6) Importer(815301076,1909f56bfc062723c751e8b465ee728b)
Start importing Assets/Scripts/Engine/Pieces/Tile.cs using Guid(d450af7d718c875429774455069175e6) Importer(815301076,1909f56bfc062723c751e8b465ee728b) (PreviewImporter) -> (artifact id: '6f78d67fdd5582779a823ff57ca819be') in 0.0027032 seconds
Number of updated asset objects reloaded before import = 0Number of asset objects unloaded after import = 0

========================================================================
Received Prepare
Refreshing native plugins compatible for Editor in 1.32 ms, found 3 plugins.
Preloading 0 native plugins for Editor in 0.00 ms.
Unloading 33 Unused Serialized files (Serialized files now loaded: 0)
Unloading 5991 unused Assets / (6.8 MB). Loaded Objects now: 6672.
Memory consumption went from 156.5 MB to 149.7 MB.
Total: 13.155700 ms (FindLiveObjects: 0.691200 ms CreateObjectMapping: 0.809500 ms MarkObjects: 5.754600 ms  DeleteObjects: 5.897700 ms)

Prepare: number of updated asset objects reloaded= 0
========================================================================
Received Import Request.
  Time since last request: 14.273951 seconds.
  path: Assets/Scripts/Engine/Pieces/Tile.cs
  artifactKey: Guid(d450af7d718c875429774455069175e6) Importer(815301076,1909f56bfc062723c751e8b465ee728b)
Start importing Assets/Scripts/Engine/Pieces/Tile.cs using Guid(d450af7d718c875429774455069175e6) Importer(815301076,1909f56bfc062723c751e8b465ee728b) (PreviewImporter) -> (artifact id: '321e96d062dec417fc327a5b6e3b277f') in 0.0039801 seconds
Number of updated asset objects reloaded before import = 0Number of asset objects unloaded after import = 0

========================================================================
Received Prepare
Refreshing native plugins compatible for Editor in 1.33 ms, found 3 plugins.
Preloading 0 native plugins for Editor in 0.00 ms.
Unloading 33 Unused Serialized files (Serialized files now loaded: 0)
Unloading 5991 unused Assets / (6.9 MB). Loaded Objects now: 6672.
Memory consumption went from 156.5 MB to 149.5 MB.
Total: 12.335900 ms (FindLiveObjects: 0.866100 ms CreateObjectMapping: 1.034600 ms MarkObjects: 5.535100 ms  DeleteObjects: 4.898100 ms)

Prepare: number of updated asset objects reloaded= 0
========================================================================
Received Import Request.
  Time since last request: 93.874088 seconds.
  path: Assets/Scripts/Engine/Pieces/Tile.cs
  artifactKey: Guid(d450af7d718c875429774455069175e6) Importer(815301076,1909f56bfc062723c751e8b465ee728b)
Start importing Assets/Scripts/Engine/Pieces/Tile.cs using Guid(d450af7d718c875429774455069175e6) Importer(815301076,1909f56bfc062723c751e8b465ee728b) (PreviewImporter) -> (artifact id: 'd7a43ed62e7b0982767a1e3ca8b3a043') in 0.0045943 seconds
Number of updated asset objects reloaded before import = 0Number of asset objects unloaded after import = 0

========================================================================
Received Import Request.
  Time since last request: 43.866444 seconds.
  path: Assets/Scripts/Engine/Game/GameManager.cs
  artifactKey: Guid(c2a141138ad0b8d4a8d7010fdfe0d89c) Importer(815301076,1909f56bfc062723c751e8b465ee728b)
Start importing Assets/Scripts/Engine/Game/GameManager.cs using Guid(c2a141138ad0b8d4a8d7010fdfe0d89c) Importer(815301076,1909f56bfc062723c751e8b465ee728b) (PreviewImporter) -> (artifact id: '80cca2a5ab1993e404b9fd81a96dc82c') in 0.000586 seconds
Number of updated asset objects reloaded before import = 0Number of asset objects unloaded after import = 0

========================================================================
Received Prepare
Refreshing native plugins compatible for Editor in 1.42 ms, found 3 plugins.
Preloading 0 native plugins for Editor in 0.00 ms.
Unloading 33 Unused Serialized files (Serialized files now loaded: 0)
Unloading 5991 unused Assets / (5.7 MB). Loaded Objects now: 6672.
Memory consumption went from 156.5 MB to 150.8 MB.
Total: 10.735900 ms (FindLiveObjects: 0.698500 ms CreateObjectMapping: 0.737300 ms MarkObjects: 5.548000 ms  DeleteObjects: 3.750900 ms)

Prepare: number of updated asset objects reloaded= 0
========================================================================
Received Import Request.
  Time since last request: 108.520142 seconds.
  path: Assets/Scripts/Engine/Game/MovementManager.cs
  artifactKey: Guid(37b2b50952fae2341a99fd21427ed6a6) Importer(815301076,1909f56bfc062723c751e8b465ee728b)
Start importing Assets/Scripts/Engine/Game/MovementManager.cs using Guid(37b2b50952fae2341a99fd21427ed6a6) Importer(815301076,1909f56bfc062723c751e8b465ee728b) (PreviewImporter) -> (artifact id: '351a84ebb3949ec5d37e94c3334449b6') in 0.0025295 seconds
Number of updated asset objects reloaded before import = 0Number of asset objects unloaded after import = 0

========================================================================
Received Prepare
Refreshing native plugins compatible for Editor in 1.28 ms, found 3 plugins.
Preloading 0 native plugins for Editor in 0.00 ms.
Unloading 33 Unused Serialized files (Serialized files now loaded: 0)
Unloading 5991 unused Assets / (6.5 MB). Loaded Objects now: 6672.
Memory consumption went from 156.5 MB to 150.0 MB.
Total: 11.811900 ms (FindLiveObjects: 0.863100 ms CreateObjectMapping: 0.923000 ms MarkObjects: 5.373400 ms  DeleteObjects: 4.651300 ms)

Prepare: number of updated asset objects reloaded= 0
========================================================================
Received Import Request.
  Time since last request: 64.527823 seconds.
  path: Assets/Scripts/Engine/Game/MovementManager.cs
  artifactKey: Guid(37b2b50952fae2341a99fd21427ed6a6) Importer(815301076,1909f56bfc062723c751e8b465ee728b)
Start importing Assets/Scripts/Engine/Game/MovementManager.cs using Guid(37b2b50952fae2341a99fd21427ed6a6) Importer(815301076,1909f56bfc062723c751e8b465ee728b) (PreviewImporter) -> (artifact id: '01149613e95eda93243b6f4fb78b8254') in 0.0042792 seconds
Number of updated asset objects reloaded before import = 0Number of asset objects unloaded after import = 0

========================================================================
Received Prepare
Refreshing native plugins compatible for Editor in 1.50 ms, found 3 plugins.
Preloading 0 native plugins for Editor in 0.00 ms.
Unloading 33 Unused Serialized files (Serialized files now loaded: 0)
Unloading 5991 unused Assets / (6.9 MB). Loaded Objects now: 6672.
Memory consumption went from 156.5 MB to 149.6 MB.
Total: 14.487500 ms (FindLiveObjects: 0.858400 ms CreateObjectMapping: 1.040500 ms MarkObjects: 6.367100 ms  DeleteObjects: 6.219200 ms)

Prepare: number of updated asset objects reloaded= 0
========================================================================
Received Import Request.
  Time since last request: 91.908953 seconds.
  path: Assets/Scripts/Engine/Board/BoardManager.cs
  artifactKey: Guid(5a2922ffa0a89084b8e63676d418c9b1) Importer(815301076,1909f56bfc062723c751e8b465ee728b)
Start importing Assets/Scripts/Engine/Board/BoardManager.cs using Guid(5a2922ffa0a89084b8e63676d418c9b1) Importer(815301076,1909f56bfc062723c751e8b465ee728b) (PreviewImporter) -> (artifact id: 'ef6c5199c85b0c2c7866ca90e922f2f1') in 0.0055233 seconds
Number of updated asset objects reloaded before import = 0Number of asset objects unloaded after import = 0

========================================================================
Received Prepare
Refreshing native plugins compatible for Editor in 1.49 ms, found 3 plugins.
Preloading 0 native plugins for Editor in 0.00 ms.
Unloading 33 Unused Serialized files (Serialized files now loaded: 0)
Unloading 5991 unused Assets / (6.5 MB). Loaded Objects now: 6672.
Memory consumption went from 156.5 MB to 149.9 MB.
Total: 10.993200 ms (FindLiveObjects: 0.817500 ms CreateObjectMapping: 0.976000 ms MarkObjects: 5.122900 ms  DeleteObjects: 4.075100 ms)

Prepare: number of updated asset objects reloaded= 0
========================================================================
Received Import Request.
  Time since last request: 102.247505 seconds.
  path: Assets/Scripts/Engine/Game/MovementManager.cs
  artifactKey: Guid(37b2b50952fae2341a99fd21427ed6a6) Importer(815301076,1909f56bfc062723c751e8b465ee728b)
Start importing Assets/Scripts/Engine/Game/MovementManager.cs using Guid(37b2b50952fae2341a99fd21427ed6a6) Importer(815301076,1909f56bfc062723c751e8b465ee728b) (PreviewImporter) -> (artifact id: '537bb02511c6861ea0f219441437f82b') in 0.0044234 seconds
Number of updated asset objects reloaded before import = 0Number of asset objects unloaded after import = 0

========================================================================
Received Import Request.
  Time since last request: 9.018532 seconds.
  path: Assets/Scripts/Engine/Game/TileSelector.cs
  artifactKey: Guid(6c3847736d983d341aeb504a34dbc408) Importer(815301076,1909f56bfc062723c751e8b465ee728b)
Start importing Assets/Scripts/Engine/Game/TileSelector.cs using Guid(6c3847736d983d341aeb504a34dbc408) Importer(815301076,1909f56bfc062723c751e8b465ee728b) (PreviewImporter) -> (artifact id: 'f77b47eb4cdf3117f38036f90de30bcb') in 0.0005092 seconds
Number of updated asset objects reloaded before import = 0Number of asset objects unloaded after import = 0

========================================================================
Received Prepare
Refreshing native plugins compatible for Editor in 1.25 ms, found 3 plugins.
Preloading 0 native plugins for Editor in 0.00 ms.
Unloading 33 Unused Serialized files (Serialized files now loaded: 0)
Unloading 5991 unused Assets / (6.3 MB). Loaded Objects now: 6672.
Memory consumption went from 156.5 MB to 150.1 MB.
Total: 12.240000 ms (FindLiveObjects: 0.736600 ms CreateObjectMapping: 0.825600 ms MarkObjects: 5.651600 ms  DeleteObjects: 5.023700 ms)

Prepare: number of updated asset objects reloaded= 0
========================================================================
Received Import Request.
  Time since last request: 44.050754 seconds.
  path: Assets/Scripts/Engine/Game/TileSelector.cs
  artifactKey: Guid(6c3847736d983d341aeb504a34dbc408) Importer(815301076,1909f56bfc062723c751e8b465ee728b)
Start importing Assets/Scripts/Engine/Game/TileSelector.cs using Guid(6c3847736d983d341aeb504a34dbc408) Importer(815301076,1909f56bfc062723c751e8b465ee728b) (PreviewImporter) -> (artifact id: 'bf8ad25cacbde6461507055efd786c06') in 0.004144 seconds
Number of updated asset objects reloaded before import = 0Number of asset objects unloaded after import = 0

========================================================================
Received Prepare
Begin MonoManager ReloadAssembly
- Loaded All Assemblies, in  0.503 seconds
Refreshing native plugins compatible for Editor in 0.74 ms, found 3 plugins.
Native extension for WindowsStandalone target not found
Native extension for WebGL target not found
Mono: successfully reloaded assembly
- Finished resetting the current domain, in  0.468 seconds
Domain Reload Profiling: 970ms
	BeginReloadAssembly (152ms)
		ExecutionOrderSort (0ms)
		DisableScriptedObjects (4ms)
		BackupInstance (0ms)
		ReleaseScriptingObjects (0ms)
		CreateAndSetChildDomain (35ms)
	RebuildCommonClasses (25ms)
	RebuildNativeTypeToScriptingClass (8ms)
	initialDomainReloadingComplete (19ms)
	LoadAllAssembliesAndSetupDomain (298ms)
		LoadAssemblies (261ms)
		RebuildTransferFunctionScriptingTraits (0ms)
		AnalyzeDomain (116ms)
			TypeCache.Refresh (8ms)
				TypeCache.ScanAssembly (0ms)
			BuildScriptInfoCaches (98ms)
			ResolveRequiredComponents (7ms)
	FinalizeReload (468ms)
		ReleaseScriptCaches (0ms)
		RebuildScriptCaches (0ms)
		SetupLoadedEditorAssemblies (346ms)
			LogAssemblyErrors (0ms)
			InitializePlatformSupportModulesInManaged (2ms)
			SetLoadedEditorAssemblies (4ms)
			BeforeProcessingInitializeOnLoad (71ms)
			ProcessInitializeOnLoadAttributes (234ms)
			ProcessInitializeOnLoadMethodAttributes (32ms)
			AfterProcessingInitializeOnLoad (4ms)
			EditorAssembliesLoaded (0ms)
		ExecutionOrderSort2 (0ms)
		AwakeInstancesAfterBackupRestoration (10ms)
Refreshing native plugins compatible for Editor in 1.24 ms, found 3 plugins.
Preloading 0 native plugins for Editor in 0.00 ms.
Unloading 33 Unused Serialized files (Serialized files now loaded: 0)
Unloading 5998 unused Assets / (7.7 MB). Loaded Objects now: 6674.
Memory consumption went from 156.3 MB to 148.6 MB.
Total: 11.057200 ms (FindLiveObjects: 0.621400 ms CreateObjectMapping: 0.839500 ms MarkObjects: 5.152500 ms  DeleteObjects: 4.442200 ms)

Prepare: number of updated asset objects reloaded= 0
========================================================================
Received Import Request.
  Time since last request: 42.274896 seconds.
  path: Assets/Scripts/Engine/Pieces/Tile.cs
  artifactKey: Guid(d450af7d718c875429774455069175e6) Importer(815301076,1909f56bfc062723c751e8b465ee728b)
Start importing Assets/Scripts/Engine/Pieces/Tile.cs using Guid(d450af7d718c875429774455069175e6) Importer(815301076,1909f56bfc062723c751e8b465ee728b) (PreviewImporter) -> (artifact id: '924853e15e5e6bbff1faa2bf89c5f8c2') in 0.0043951 seconds
Number of updated asset objects reloaded before import = 0Number of asset objects unloaded after import = 0

